gradient() will perform analytic gradient computation.

*** tstart() called on aki-ubuntu-00
*** at Sun May  2 02:40:27 2021

   => Loading Basis Set <=

    Name: 6-31G*
    Role: ORBITAL
    Keyword: BASIS
    atoms 1-2, 4, 6, 9-11, 13-15 entry C          line   111 file /home/aki-/anaconda3/share/psi4/basis/6-31gs.gbs 
    atoms 3                      entry S          line   316 file /home/aki-/anaconda3/share/psi4/basis/6-31gs.gbs 
    atoms 5, 7-8, 12             entry N          line   128 file /home/aki-/anaconda3/share/psi4/basis/6-31gs.gbs 
    atoms 16                     entry CL         line   340 file /home/aki-/anaconda3/share/psi4/basis/6-31gs.gbs 
    atoms 17-25                  entry H          line    44 file /home/aki-/anaconda3/share/psi4/basis/6-31gs.gbs 


         ---------------------------------------------------------
                                   SCF
               by Justin Turney, Rob Parrish, Andy Simmonett
                          and Daniel G. A. Smith
                              RKS Reference
                        3 Threads,   2861 MiB Core
         ---------------------------------------------------------

  ==> Geometry <==

    Molecular point group: c1
    Full point group: C1

    Geometry (in Angstrom), charge = 0, multiplicity = 1:

       Center              X                  Y                   Z               Mass       
    ------------   -----------------  -----------------  -----------------  -----------------
         C           -2.079622007137    -0.583631346905     1.225984346167    12.000000000000
         C           -3.459351786208     0.001135231928     0.956105510104    12.000000000000
         S           -3.276704350390     0.841819573218    -0.641669837238    31.972071174400
         C           -1.956506770142    -0.225137464391    -1.144622958002    12.000000000000
         N           -1.466218616555    -0.295285702896    -2.337272345981    14.003074004430
         C           -1.962089192572     0.480525982083    -3.305737247241    12.000000000000
         N           -2.363199331403     1.141459207388    -4.169323641045    14.003074004430
         N           -1.531223198670    -0.974345052362    -0.068302493585    14.003074004430
         C           -0.341131034662    -1.808764607747    -0.105619922103    12.000000000000
         C            0.880697955992    -1.065329143489     0.365426053158    12.000000000000
         C            1.416184262791    -1.298354526172     1.629883788359    12.000000000000
         N            2.495955048261    -0.658940778061     2.129537522205    14.003074004430
         C            3.074452604440     0.256141645967     1.325612148009    12.000000000000
         C            2.632803810627     0.567332501276     0.052334948411    12.000000000000
         C            1.515346350047    -0.107428900317    -0.432902353062    12.000000000000
         CL           4.439926334703     1.041819311231     2.001631328490    34.968852682000
         H           -2.152054357090    -1.437866205342     1.907869235827     1.007825032230
         H           -1.435266748138     0.170197291802     1.695153222320     1.007825032230
         H           -4.204016081432    -0.793916804857     0.847670003254     1.007825032230
         H           -3.780711108446     0.687728708313     1.743469022434     1.007825032230
         H           -0.160736241932    -2.201716762402    -1.114075591710     1.007825032230
         H           -0.504110027939    -2.695146098918     0.520617236306     1.007825032230
         H            0.977270637254    -2.028562248553     2.305675507501     1.007825032230
         H            3.138010861661     1.313657610546    -0.550052472416     1.007825032230
         H            1.145100410184     0.117545803017    -1.430784350815     1.007825032230

  Running in c1 symmetry.

  Rotational constants: A =      0.02700  B =      0.00702  C =      0.00629 [cm^-1]
  Rotational constants: A =    809.40708  B =    210.36478  C =    188.43779 [MHz]
  Nuclear repulsion = 1227.354013074517752

  Charge       = 0
  Multiplicity = 1
  Electrons    = 130
  Nalpha       = 65
  Nbeta        = 65

  ==> Algorithm <==

  SCF Algorithm Type is DF.
  DIIS enabled.
  MOM disabled.
  Fractional occupation disabled.
  Guess Type is SAD.
  Energy threshold   = 1.00e-08
  Density threshold  = 1.00e-08
  Integral threshold = 0.00e+00

  ==> Primary Basis <==

  Basis Set: 6-31G*
    Blend: 6-31G*
    Number of shells: 118
    Number of basis function: 266
    Number of Cartesian functions: 266
    Spherical Harmonics?: false
    Max angular momentum: 2

  ==> DFT Potential <==

   => Composite Functional: B3LYP <= 

    B3LYP Hyb-GGA Exchange-Correlation Functional

    P. J. Stephens, F. J. Devlin, C. F. Chabalowski, and M. J. Frisch, J. Phys. Chem. 98, 11623 (1994)

    Deriv               =              1
    GGA                 =           TRUE
    Meta                =          FALSE

    Exchange Hybrid     =           TRUE
    MP2 Hybrid          =          FALSE

   => Exchange Functionals <=

    0.0800   Slater exchange
    0.7200         Becke 88

   => Exact (HF) Exchange <=

    0.2000               HF 

   => Correlation Functionals <=

    0.1900   Vosko, Wilk & Nusair (VWN5_RPA)
    0.8100   Lee, Yang & Parr

   => Molecular Quadrature <=

    Radial Scheme          =       TREUTLER
    Pruning Scheme         =           FLAT
    Nuclear Scheme         =       TREUTLER

    BS radius alpha        =              1
    Pruning alpha          =              1
    Radial Points          =             75
    Spherical Points       =            302
    Total Points           =         557145
    Total Blocks           =           4082
    Max Points             =            256
    Max Functions          =            226

   => Loading Basis Set <=

    Name: (6-31G* AUX)
    Role: JKFIT
    Keyword: DF_BASIS_SCF
    atoms 1-2, 4, 6, 9-11, 13-15 entry C          line   121 file /home/aki-/anaconda3/share/psi4/basis/cc-pvdz-jkfit.gbs 
    atoms 3                      entry S          line   593 file /home/aki-/anaconda3/share/psi4/basis/cc-pvdz-jkfit.gbs 
    atoms 5, 7-8, 12             entry N          line   171 file /home/aki-/anaconda3/share/psi4/basis/cc-pvdz-jkfit.gbs 
    atoms 16                     entry CL         line   667 file /home/aki-/anaconda3/share/psi4/basis/cc-pvdz-jkfit.gbs 
    atoms 17-25                  entry H          line    51 file /home/aki-/anaconda3/share/psi4/basis/cc-pvdz-jkfit.gbs 

  ==> Pre-Iterations <==

   -------------------------------------------------------
    Irrep   Nso     Nmo     Nalpha   Nbeta   Ndocc  Nsocc
   -------------------------------------------------------
     A        266     266       0       0       0       0
   -------------------------------------------------------
    Total     266     266      65      65      65       0
   -------------------------------------------------------

  ==> Integral Setup <==

  DFHelper Memory: AOs need 0.715 GiB; user supplied 0.715 GiB. Using in-core AOs.

  ==> MemDFJK: Density-Fitted J/K Matrices <==

    J tasked:                   Yes
    K tasked:                   Yes
    wK tasked:                   No
    OpenMP threads:               3
    Memory [MiB]:               732
    Algorithm:                 Core
    Schwarz Cutoff:           1E-12
    Mask sparsity (%):      20.5297
    Fitting Condition:        1E-10

   => Auxiliary Basis Set <=

  Basis Set: (6-31G* AUX)
    Blend: CC-PVDZ-JKFIT
    Number of shells: 489
    Number of basis function: 1619
    Number of Cartesian functions: 1619
    Spherical Harmonics?: false
    Max angular momentum: 3

  Cached 100.0% of DFT collocation blocks in 2.259 [GiB].

  Minimum eigenvalue in the overlap matrix is 7.4304910014E-04.
  Using Symmetric Orthogonalization.

  SCF Guess: Superposition of Atomic Densities via on-the-fly atomic UHF.

  ==> Iterations <==

                           Total Energy        Delta E     RMS |[F,P]|

   @DF-RKS iter SAD: -1463.36303213390306   -1.46336e+03   0.00000e+00 
   @DF-RKS iter   1: -1463.17934216350432    1.83690e-01   4.33990e-03 DIIS
   @DF-RKS iter   2: -1462.66446370668564    5.14878e-01   5.72223e-03 DIIS
   @DF-RKS iter   3: -1463.75029104969963   -1.08583e+00   1.70350e-03 DIIS
   @DF-RKS iter   4: -1463.83837972852848   -8.80887e-02   5.55519e-04 DIIS
   @DF-RKS iter   5: -1463.84673868087270   -8.35895e-03   2.44687e-04 DIIS
   @DF-RKS iter   6: -1463.84860946231856   -1.87078e-03   6.90503e-05 DIIS
   @DF-RKS iter   7: -1463.84875861465002   -1.49152e-04   2.18342e-05 DIIS
   @DF-RKS iter   8: -1463.84877449255373   -1.58779e-05   6.67449e-06 DIIS
   @DF-RKS iter   9: -1463.84877583939647   -1.34684e-06   2.03312e-06 DIIS
   @DF-RKS iter  10: -1463.84877598037701   -1.40981e-07   4.69411e-07 DIIS
   @DF-RKS iter  11: -1463.84877598584103   -5.46402e-09   2.87425e-07 DIIS
   @DF-RKS iter  12: -1463.84877598856315   -2.72212e-09   8.40233e-08 DIIS
   @DF-RKS iter  13: -1463.84877598879370   -2.30557e-10   3.05837e-08 DIIS
   @DF-RKS iter  14: -1463.84877598882645   -3.27418e-11   7.91829e-09 DIIS
  Energy and wave function converged.


  ==> Post-Iterations <==

    Orbital Energies [Eh]
    ---------------------

    Doubly Occupied:                                                      

       1A   -101.557588     2A    -88.918402     3A    -14.410259  
       4A    -14.365344     5A    -14.358162     6A    -14.309972  
       7A    -10.331453     8A    -10.295592     9A    -10.270336  
      10A    -10.261882    11A    -10.258258    12A    -10.250761  
      13A    -10.236999    14A    -10.232089    15A    -10.228973  
      16A    -10.225680    17A     -9.475116    18A     -7.980974  
      19A     -7.238941    20A     -7.229527    21A     -7.228725  
      22A     -5.945822    23A     -5.942097    24A     -5.935808  
      25A     -1.026571    26A     -0.976151    27A     -0.957271  
      28A     -0.878141    29A     -0.874985    30A     -0.857246  
      31A     -0.828666    32A     -0.785522    33A     -0.771274  
      34A     -0.721210    35A     -0.667779    36A     -0.659831  
      37A     -0.637871    38A     -0.620969    39A     -0.564127  
      40A     -0.543373    41A     -0.534509    42A     -0.518242  
      43A     -0.502409    44A     -0.490371    45A     -0.478406  
      46A     -0.458740    47A     -0.443710    48A     -0.436558  
      49A     -0.432941    50A     -0.430481    51A     -0.423429  
      52A     -0.416236    53A     -0.395075    54A     -0.368812  
      55A     -0.365026    56A     -0.351313    57A     -0.342580  
      58A     -0.339890    59A     -0.324096    60A     -0.307411  
      61A     -0.288237    62A     -0.277296    63A     -0.269616  
      64A     -0.266733    65A     -0.251000  

    Virtual:                                                              

      66A     -0.054257    67A     -0.040125    68A     -0.028496  
      69A     -0.010264    70A      0.038402    71A      0.049014  
      72A      0.066637    73A      0.083054    74A      0.091427  
      75A      0.098287    76A      0.104393    77A      0.106895  
      78A      0.117556    79A      0.125821    80A      0.130269  
      81A      0.137828    82A      0.145130    83A      0.151262  
      84A      0.164779    85A      0.186848    86A      0.199954  
      87A      0.211377    88A      0.219450    89A      0.239108  
      90A      0.262733    91A      0.270135    92A      0.283114  
      93A      0.287738    94A      0.331143    95A      0.342719  
      96A      0.359506    97A      0.361040    98A      0.371607  
      99A      0.382784   100A      0.408269   101A      0.410656  
     102A      0.428366   103A      0.438111   104A      0.448733  
     105A      0.463206   106A      0.480020   107A      0.486116  
     108A      0.491562   109A      0.511756   110A      0.524633  
     111A      0.531120   112A      0.543840   113A      0.554025  
     114A      0.560266   115A      0.567845   116A      0.573401  
     117A      0.580304   118A      0.595298   119A      0.597471  
     120A      0.606847   121A      0.610447   122A      0.619194  
     123A      0.632253   124A      0.635300   125A      0.661495  
     126A      0.673801   127A      0.684083   128A      0.718152  
     129A      0.741585   130A      0.748127   131A      0.765338  
     132A      0.769900   133A      0.776889   134A      0.781098  
     135A      0.795938   136A      0.798761   137A      0.807831  
     138A      0.813464   139A      0.821320   140A      0.829641  
     141A      0.835509   142A      0.839912   143A      0.845345  
     144A      0.857726   145A      0.867936   146A      0.874334  
     147A      0.875833   148A      0.899544   149A      0.904292  
     150A      0.912161   151A      0.923113   152A      0.931948  
     153A      0.941508   154A      0.964801   155A      0.968388  
     156A      0.973147   157A      0.989376   158A      0.993515  
     159A      1.008297   160A      1.038165   161A      1.052064  
     162A      1.075506   163A      1.106778   164A      1.119137  
     165A      1.130205   166A      1.150153   167A      1.151272  
     168A      1.184675   169A      1.219557   170A      1.237630  
     171A      1.271883   172A      1.284639   173A      1.315919  
     174A      1.352458   175A      1.360940   176A      1.388289  
     177A      1.406410   178A      1.423733   179A      1.445826  
     180A      1.447776   181A      1.465738   182A      1.487273  
     183A      1.507711   184A      1.512376   185A      1.531841  
     186A      1.558948   187A      1.566496   188A      1.585780  
     189A      1.626653   190A      1.644084   191A      1.679875  
     192A      1.693880   193A      1.708899   194A      1.765724  
     195A      1.788978   196A      1.796958   197A      1.823337  
     198A      1.832348   199A      1.862357   200A      1.868681  
     201A      1.899001   202A      1.922228   203A      1.937173  
     204A      1.945426   205A      1.949683   206A      1.961384  
     207A      1.977688   208A      2.011036   209A      2.026238  
     210A      2.040792   211A      2.075524   212A      2.088012  
     213A      2.118347   214A      2.120839   215A      2.134909  
     216A      2.156869   217A      2.162712   218A      2.201241  
     219A      2.206728   220A      2.218571   221A      2.252401  
     222A      2.274251   223A      2.298483   224A      2.303115  
     225A      2.323111   226A      2.333638   227A      2.343698  
     228A      2.393578   229A      2.448276   230A      2.495002  
     231A      2.520430   232A      2.538306   233A      2.564249  
     234A      2.569543   235A      2.612252   236A      2.651089  
     237A      2.656688   238A      2.674524   239A      2.722744  
     240A      2.763432   241A      2.806693   242A      2.820417  
     243A      2.831493   244A      2.852295   245A      2.887249  
     246A      3.014282   247A      3.057668   248A      3.166724  
     249A      3.327669   250A      3.333228   251A      3.907557  
     252A      3.949111   253A      3.999558   254A      4.032915  
     255A      4.099805   256A      4.126782   257A      4.139691  
     258A      4.187737   259A      4.256862   260A      4.282715  
     261A      4.348386   262A      4.400163   263A      4.425814  
     264A      4.480864   265A      4.587104   266A      4.630639  

    Final Occupation by Irrep:
              A 
    DOCC [    65 ]

  @DF-RKS Final Energy: -1463.84877598882645

   => Energetics <=

    Nuclear Repulsion Energy =           1227.3540130745177521
    One-Electron Energy =               -4442.8084103731498544
    Two-Electron Energy =                1864.0135468862406469
    DFT Exchange-Correlation Energy =    -112.4079255764349625
    Empirical Dispersion Energy =           0.0000000000000000
    VV10 Nonlocal Energy =                  0.0000000000000000
    Total Energy =                      -1463.8487759888264463

Computation Completed


Properties will be evaluated at   0.000000,   0.000000,   0.000000 [a0]

Properties computed using the SCF density matrix

  Nuclear Dipole Moment: [e a0]
     X:   -10.6829      Y:    -7.3678      Z:     3.7186

  Electronic Dipole Moment: [e a0]
     X:    10.1277      Y:     6.1763      Z:    -1.6587

  Dipole Moment: [e a0]
     X:    -0.5552      Y:    -1.1915      Z:     2.0599     Total:     2.4436

  Dipole Moment: [D]
     X:    -1.4112      Y:    -3.0286      Z:     5.2358     Total:     6.2111


*** tstop() called on aki-ubuntu-00 at Sun May  2 02:40:48 2021
Module time:
	user time   =      59.83 seconds =       1.00 minutes
	system time =       1.90 seconds =       0.03 minutes
	total time  =         21 seconds =       0.35 minutes
Total time:
	user time   =      59.83 seconds =       1.00 minutes
	system time =       1.90 seconds =       0.03 minutes
	total time  =         21 seconds =       0.35 minutes

*** tstart() called on aki-ubuntu-00
*** at Sun May  2 02:40:48 2021


         ------------------------------------------------------------
                                   SCF GRAD                          
                          Rob Parrish, Justin Turney,                
                       Andy Simmonett, and Alex Sokolov              
         ------------------------------------------------------------

  ==> Geometry <==

    Molecular point group: c1
    Full point group: C1

    Geometry (in Angstrom), charge = 0, multiplicity = 1:

       Center              X                  Y                   Z               Mass       
    ------------   -----------------  -----------------  -----------------  -----------------
         C           -2.079622007137    -0.583631346905     1.225984346167    12.000000000000
         C           -3.459351786208     0.001135231928     0.956105510104    12.000000000000
         S           -3.276704350390     0.841819573218    -0.641669837238    31.972071174400
         C           -1.956506770142    -0.225137464391    -1.144622958002    12.000000000000
         N           -1.466218616555    -0.295285702896    -2.337272345981    14.003074004430
         C           -1.962089192572     0.480525982083    -3.305737247241    12.000000000000
         N           -2.363199331403     1.141459207388    -4.169323641045    14.003074004430
         N           -1.531223198670    -0.974345052362    -0.068302493585    14.003074004430
         C           -0.341131034662    -1.808764607747    -0.105619922103    12.000000000000
         C            0.880697955992    -1.065329143489     0.365426053158    12.000000000000
         C            1.416184262791    -1.298354526172     1.629883788359    12.000000000000
         N            2.495955048261    -0.658940778061     2.129537522205    14.003074004430
         C            3.074452604440     0.256141645967     1.325612148009    12.000000000000
         C            2.632803810627     0.567332501276     0.052334948411    12.000000000000
         C            1.515346350047    -0.107428900317    -0.432902353062    12.000000000000
         CL           4.439926334703     1.041819311231     2.001631328490    34.968852682000
         H           -2.152054357090    -1.437866205342     1.907869235827     1.007825032230
         H           -1.435266748138     0.170197291802     1.695153222320     1.007825032230
         H           -4.204016081432    -0.793916804857     0.847670003254     1.007825032230
         H           -3.780711108446     0.687728708313     1.743469022434     1.007825032230
         H           -0.160736241932    -2.201716762402    -1.114075591710     1.007825032230
         H           -0.504110027939    -2.695146098918     0.520617236306     1.007825032230
         H            0.977270637254    -2.028562248553     2.305675507501     1.007825032230
         H            3.138010861661     1.313657610546    -0.550052472416     1.007825032230
         H            1.145100410184     0.117545803017    -1.430784350815     1.007825032230

  Nuclear repulsion = 1227.354013074517752

  ==> Basis Set <==

  Basis Set: 6-31G*
    Blend: 6-31G*
    Number of shells: 118
    Number of basis function: 266
    Number of Cartesian functions: 266
    Spherical Harmonics?: false
    Max angular momentum: 2

  ==> DFJKGrad: Density-Fitted SCF Gradients <==

    Gradient:                    1
    J tasked:                  Yes
    K tasked:                  Yes
    wK tasked:                  No
    OpenMP threads:              3
    Integrals threads:           3
    Memory [MiB]:             2145
    Schwarz Cutoff:          0E+00
    Fitting Condition:       1E-10

   => Auxiliary Basis Set <=

  Basis Set: (6-31G* AUX)
    Blend: CC-PVDZ-JKFIT
    Number of shells: 489
    Number of basis function: 1619
    Number of Cartesian functions: 1619
    Spherical Harmonics?: false
    Max angular momentum: 3

  ==> DFT Potential <==

   => Composite Functional: B3LYP <= 

    B3LYP Hyb-GGA Exchange-Correlation Functional

    P. J. Stephens, F. J. Devlin, C. F. Chabalowski, and M. J. Frisch, J. Phys. Chem. 98, 11623 (1994)

    Deriv               =              1
    GGA                 =           TRUE
    Meta                =          FALSE

    Exchange Hybrid     =           TRUE
    MP2 Hybrid          =          FALSE

   => Exchange Functionals <=

    0.0800   Slater exchange
    0.7200         Becke 88

   => Exact (HF) Exchange <=

    0.2000               HF 

   => Correlation Functionals <=

    0.1900   Vosko, Wilk & Nusair (VWN5_RPA)
    0.8100   Lee, Yang & Parr

   => Molecular Quadrature <=

    Radial Scheme          =       TREUTLER
    Pruning Scheme         =           FLAT
    Nuclear Scheme         =       TREUTLER

    BS radius alpha        =              1
    Pruning alpha          =              1
    Radial Points          =             75
    Spherical Points       =            302
    Total Points           =         557145
    Total Blocks           =           4082
    Max Points             =            256
    Max Functions          =            226


  -Total Gradient:
     Atom            X                  Y                   Z
    ------   -----------------  -----------------  -----------------
       1       -0.000662364760    -0.004512194204    -0.003855319400
       2        0.001822089918     0.007757882983    -0.002639796018
       3        0.009580618899    -0.014231146919     0.007455851512
       4        0.002858788964     0.005358745922    -0.020376769517
       5       -0.008509717008     0.001600644974     0.004706237965
       6       -0.006563385033     0.016308120971    -0.023246206807
       7        0.006504152636    -0.012992814588     0.019506861196
       8        0.006955529479     0.003070771656     0.016498561979
       9       -0.008530554069     0.008158919983     0.004093315790
      10       -0.004180321622     0.000392324389    -0.000794991434
      11       -0.013752663417    -0.008115644050    -0.008109601173
      12        0.004046909469    -0.005298297326     0.016856562104
      13        0.016797183533     0.024192950722    -0.019076242195
      14        0.004594361468    -0.002275379544     0.010579498998
      15       -0.001844344456    -0.002484302680     0.001732050834
      16       -0.015882450633    -0.010928344951    -0.004480140070
      17       -0.002407775425     0.002172096347     0.003006429720
      18       -0.001765680545    -0.000481401941    -0.001496865507
      19        0.000632116817    -0.000761353398    -0.001097347254
      20       -0.000998310856    -0.001266761449     0.002527094013
      21        0.007264177178    -0.006130637345     0.000910573496
      22        0.002438930346    -0.002512200326    -0.002105353076
      23        0.001728601828     0.001783818321     0.000758687693
      24       -0.000729306304    -0.000092084616    -0.000368395337
      25        0.000646564988     0.001271748558    -0.000997316432


*** tstop() called on aki-ubuntu-00 at Sun May  2 02:40:58 2021
Module time:
	user time   =      30.06 seconds =       0.50 minutes
	system time =       0.56 seconds =       0.01 minutes
	total time  =         10 seconds =       0.17 minutes
Total time:
	user time   =      89.89 seconds =       1.50 minutes
	system time =       2.46 seconds =       0.04 minutes
	total time  =         31 seconds =       0.52 minutes

			-----------------------------------------
			 OPTKING 2.0: for geometry optimizations 
			  - R.A. King,  Bethel University        
			-----------------------------------------

	Internal coordinates to be generated automatically.
	Detected frag 1 with atoms:  1 2 3 4 5 6 7 8 9 10 11 12 13 14 15 16 17 18 19 20
	 21 22 23 24 25
	---Fragment 1 Bond Connectivity---
	 1 : 2 8 17 18
	 2 : 1 3 19 20
	 3 : 2 4
	 4 : 3 5 8
	 5 : 4 6
	 6 : 5 7
	 7 : 6
	 8 : 1 4 9
	 9 : 8 10 21 22
	 10 : 9 11 15
	 11 : 10 12 23
	 12 : 11 13
	 13 : 12 14 16
	 14 : 13 15 24
	 15 : 10 14 25
	 16 : 13
	 17 : 1
	 18 : 1
	 19 : 2
	 20 : 2
	 21 : 9
	 22 : 9
	 23 : 11
	 24 : 14
	 25 : 15

	---Fragment 1 Geometry and Gradient---
	 C          -3.9299160380       -1.1029034039        2.3167746484
	 C          -6.5372274475        0.0021452774        1.8067775611
	 S          -6.1920738163        1.5908084404       -1.2125802553
	 C          -3.6972619582       -0.4254481483       -2.1630239075
	 N          -2.7707516253       -0.5580091072       -4.4168046145
	 C          -3.7078112077        0.9080625023       -6.2469380400
	 N          -4.4657995162        2.1570452853       -7.8788798100
	 N          -2.8935924824       -1.8412453007       -0.1290730066
	 C          -0.6446442284       -3.4180697341       -0.1995927262
	 C           1.6642779361       -2.0131803147        0.6905551596
	 C           2.6762003999       -2.4535344682        3.0800339763
	 N           4.7166714627       -1.2452176034        4.0242426909
	 C           5.8098734081        0.4840375602        2.5050439083
	 C           4.9752781441        1.0721030495        0.0988987193
	 C           2.8635895868       -0.2030111996       -0.8180668864
	 CL          8.3902447898        1.9687531704        3.7825350150
	 H          -4.0667933420       -2.7171733331        3.6053503389
	 H          -2.7122610710        0.3216262688        3.2033753309
	 H          -7.9444390209       -1.5002853276        1.6018641509
	 H          -7.1445085544        1.2996189073        3.2946789606
	 H          -0.3037474757       -4.1606416868       -2.1052977514
	 H          -0.9526298899       -5.0930879951        0.9838239928
	 H           1.8467738549       -3.8334270782        4.3570952434
	 H           5.9299811073        2.4824531066       -1.0394485275
	 H           2.1639261614        0.2221293749       -2.7037905676
	            -0.0006623648       -0.0045121942       -0.0038553194
	             0.0018220899        0.0077578830       -0.0026397960
	             0.0095806189       -0.0142311469        0.0074558515
	             0.0028587890        0.0053587459       -0.0203767695
	            -0.0085097170        0.0016006450        0.0047062380
	            -0.0065633850        0.0163081210       -0.0232462068
	             0.0065041526       -0.0129928146        0.0195068612
	             0.0069555295        0.0030707717        0.0164985620
	            -0.0085305541        0.0081589200        0.0040933158
	            -0.0041803216        0.0003923244       -0.0007949914
	            -0.0137526634       -0.0081156440       -0.0081096012
	             0.0040469095       -0.0052982973        0.0168565621
	             0.0167971835        0.0241929507       -0.0190762422
	             0.0045943615       -0.0022753795        0.0105794990
	            -0.0018443445       -0.0024843027        0.0017320508
	            -0.0158824506       -0.0109283450       -0.0044801401
	            -0.0024077754        0.0021720963        0.0030064297
	            -0.0017656805       -0.0004814019       -0.0014968655
	             0.0006321168       -0.0007613534       -0.0010973473
	            -0.0009983109       -0.0012667614        0.0025270940
	             0.0072641772       -0.0061306373        0.0009105735
	             0.0024389303       -0.0025122003       -0.0021053531
	             0.0017286018        0.0017838183        0.0007586877
	            -0.0007293063       -0.0000920846       -0.0003683953
	             0.0006465650        0.0012717486       -0.0009973164

	Previous optimization step data not found.  Starting new optimization.

	---Fragment 1 Intrafragment Coordinates---
	 - Coordinate -           - BOHR/RAD -       - ANG/DEG -
	 R(1,2)           =         2.877378	       1.522643
	 R(1,8)           =         2.757043	       1.458964
	 R(1,17)          =         2.070031	       1.095413
	 R(1,18)          =         2.073169	       1.097074
	 R(2,3)           =         3.429213	       1.814661
	 R(2,19)          =         2.068703	       1.094710
	 R(2,20)          =         2.065449	       1.092988
	 R(3,4)           =         3.345552	       1.770390
	 R(4,5)           =         2.440394	       1.291401
	 R(4,8)           =         2.605249	       1.378638
	 R(5,6)           =         2.525240	       1.336299
	 R(6,7)           =         2.190374	       1.159096
	 R(8,9)           =         2.747566	       1.453949
	 R(9,10)          =         2.845558	       1.505804
	 R(9,21)          =         2.073484	       1.097240
	 R(9,22)          =         2.073889	       1.097455
	 R(10,11)         =         2.632016	       1.392803
	 R(10,15)         =         2.644050	       1.399171
	 R(11,12)         =         2.552466	       1.350707
	 R(11,23)         =         2.054979	       1.087448
	 R(12,13)         =         2.548211	       1.348455
	 R(13,14)         =         2.613791	       1.383159
	 R(13,16)         =         3.239549	       1.714296
	 R(14,15)         =         2.631724	       1.392648
	 R(14,24)         =         2.048507	       1.084023
	 R(15,25)         =         2.055779	       1.087871
	 B(1,2,3)         =         1.816021	     104.050354
	 B(1,2,19)        =         1.933741	     110.795185
	 B(1,2,20)        =         1.960583	     112.333142
	 B(1,8,4)         =         2.016513	     115.537673
	 B(1,8,9)         =         2.076164	     118.955433
	 B(2,1,8)         =         1.861069	     106.631396
	 B(2,1,17)        =         1.928268	     110.481597
	 B(2,1,18)        =         1.922101	     110.128284
	 B(2,3,4)         =         1.616806	      92.636187
	 B(3,2,19)        =         1.894111	     108.524588
	 B(3,2,20)        =         1.952878	     111.891644
	 B(3,4,5)         =         2.187339	     125.325278
	 B(3,4,8)         =         1.913205	     109.618590
	 B(4,5,6)         =         2.090818	     119.795061
	 B(4,8,9)         =         2.146399	     122.979620
	 B(5,4,8)         =         2.182639	     125.056000
	 L(5,6,7)         =         3.107738	     178.060255
	 l(5,6,7)         =         3.141593	     180.000000
	 B(8,1,17)        =         1.947915	     111.607322
	 B(8,1,18)        =         1.920509	     110.037036
	 B(8,9,10)        =         1.952811	     111.887822
	 B(8,9,21)        =         1.943023	     111.326992
	 B(8,9,22)        =         1.904261	     109.106131
	 B(9,10,11)       =         2.109885	     120.887485
	 B(9,10,15)       =         2.126530	     121.841220
	 B(10,9,21)       =         1.908072	     109.324487
	 B(10,9,22)       =         1.918515	     109.922803
	 B(10,11,12)      =         2.169991	     124.331351
	 B(10,11,23)      =         2.119227	     121.422752
	 B(10,15,14)      =         2.090779	     119.792808
	 B(10,15,25)      =         2.106657	     120.702549
	 B(11,10,15)      =         2.046705	     117.267575
	 B(11,12,13)      =         2.030480	     116.337948
	 B(12,11,23)      =         1.993961	     114.245539
	 B(12,13,14)      =         2.170642	     124.368615
	 B(12,13,16)      =         2.001631	     114.685031
	 B(13,14,15)      =         2.057763	     117.901151
	 B(13,14,24)      =         2.114882	     121.173841
	 B(14,13,16)      =         2.110911	     120.946310
	 B(14,15,25)      =         2.085749	     119.504639
	 B(15,14,24)      =         2.110538	     120.924939
	 B(17,1,18)       =         1.884377	     107.966854
	 B(19,2,20)       =         1.904537	     109.121932
	 B(21,9,22)       =         1.833425	     105.047533
	 D(1,2,3,4)       =         0.460792	      26.401412
	 D(1,8,4,3)       =        -0.164368	      -9.417613
	 D(1,8,4,5)       =         2.979433	     170.708956
	 D(1,8,9,10)      =        -1.211859	     -69.434411
	 D(1,8,9,21)      =         2.930454	     167.902648
	 D(1,8,9,22)      =         0.914946	      52.422519
	 D(2,1,8,4)       =         0.520649	      29.831013
	 D(2,1,8,9)       =        -2.926036	    -167.649488
	 D(2,3,4,5)       =         2.946802	     168.839339
	 D(2,3,4,8)       =        -0.192574	     -11.033672
	 D(3,2,1,8)       =        -0.605311	     -34.681760
	 D(3,2,1,17)      =        -2.725101	    -156.136791
	 D(3,2,1,18)      =         1.477950	      84.680299
	 D(3,4,5,6)       =        -0.000093	      -0.005348
	 D(3,4,8,9)       =        -2.987274	    -171.158220
	 D(4,3,2,19)      =        -1.599105	     -91.621959
	 D(4,3,2,20)      =         2.581619	     147.915849
	 D(4,8,1,17)      =         2.627906	     150.567911
	 D(4,8,1,18)      =        -1.563645	     -89.590272
	 D(4,8,9,10)      =         1.600733	      91.715263
	 D(4,8,9,21)      =        -0.540139	     -30.947677
	 D(4,8,9,22)      =        -2.555647	    -146.427807
	 D(5,4,8,9)       =         0.156527	       8.968349
	 D(6,5,4,8)       =         3.138949	     179.848526
	 D(8,1,2,19)      =         1.427077	      81.765473
	 D(8,1,2,20)      =        -2.721002	    -155.901938
	 D(8,9,10,11)     =         1.819534	     104.251634
	 D(8,9,10,15)     =        -1.309475	     -75.027413
	 D(9,8,1,17)      =        -0.818779	     -46.912589
	 D(9,8,1,18)      =         1.272855	      72.929228
	 D(9,10,11,12)    =        -3.124557	    -179.023947
	 D(9,10,11,23)    =         0.013012	       0.745518
	 D(9,10,15,14)    =         3.127059	     179.167299
	 D(9,10,15,25)    =        -0.014089	      -0.807224
	 D(10,11,12,13)   =        -0.004299	      -0.246326
	 D(10,15,14,13)   =        -0.000500	      -0.028633
	 D(10,15,14,24)   =        -3.140435	    -179.933671
	 D(11,10,9,21)    =        -2.303015	    -131.953057
	 D(11,10,9,22)    =        -0.299066	     -17.135230
	 D(11,10,15,14)   =        -0.002385	      -0.136649
	 D(11,10,15,25)   =         3.139652	     179.888828
	 D(11,12,13,14)   =         0.001032	       0.059145
	 D(11,12,13,16)   =         3.141288	     179.982541
	 D(12,11,10,15)   =         0.005010	       0.287028
	 D(12,13,14,15)   =         0.001263	       0.072376
	 D(12,13,14,24)   =         3.141194	     179.977166
	 D(13,12,11,23)   =         3.141059	     179.969431
	 D(13,14,15,25)   =         3.140654	     179.946197
	 D(15,10,9,21)    =         0.851160	      48.767897
	 D(15,10,9,22)    =         2.855109	     163.585723
	 D(15,10,11,23)   =        -3.140607	    -179.943507
	 D(15,14,13,16)   =        -3.138913	    -179.846467
	 D(16,13,14,24)   =         0.001018	       0.058322
	 D(17,1,2,19)     =        -0.692713	     -39.689558
	 D(17,1,2,20)     =         1.442393	      82.643031
	 D(18,1,2,19)     =        -2.772848	    -158.872469
	 D(18,1,2,20)     =        -0.637741	     -36.539879
	 D(24,14,15,25)   =         0.000718	       0.041159
	 R(1,11)          =         6.785834	       3.590909
	 R(3,7)           =         6.909428	       3.656312
	 R(4,15)          =         6.700982	       3.546007
	 R(5,10)          =         6.918969	       3.661361
	 R(5,15)          =         6.694979	       3.542830
	 R(10,16)         =         8.405639	       4.448072

	Current energy   :     -1463.8487759888

	Generating empirical Hessian (Schlegel '84) for each fragment.
	Taking RFO optimization step.
	Going to follow RFO solution 1.
	Using RFO vector 1.
	Norm of target step-size    0.40884
	Projected energy change by RFO approximation:        -0.0094920557

	Back-transformation to cartesian coordinates...
	Could not converge backtransformation.
	Using first guess instead.

	--- Internal Coordinate Step in ANG or DEG, aJ/ANG or AJ/DEG ---
	 ---------------------------------------------------------------------------
	   Coordinate                Previous        Force       Change         New 
	   ----------                --------       ------       ------       ------
	    1 R(1,2)          =      1.522643     0.049826    84.538084    86.060727
	    2 R(1,8)          =      1.458964    -0.019150   140.322863   141.781827
	    3 R(1,17)         =      1.095413    -0.002778    78.846823    79.942236
	    4 R(1,18)         =      1.097074     0.016546   101.180452   102.277526
	    5 R(2,3)          =      1.814661     0.073326   124.854283   126.668945
	    6 R(2,19)         =      1.094710    -0.001915   107.173391   108.268101
	    7 R(2,20)         =      1.092988    -0.010873   109.011428   110.104417
	    8 R(3,4)          =      1.770390     0.042381   153.041207   154.811597
	    9 R(4,5)          =      1.291401    -0.007938   119.479111   120.770512
	   10 R(4,8)          =      1.378638    -0.116115    47.237845    48.616483
	   11 R(5,6)          =      1.336299    -0.077021    40.128002    41.464301
	   12 R(6,7)          =      1.159096     0.159197    34.833305    35.992401
	   13 R(8,9)          =      1.453949     0.011615   101.881165   103.335114
	   14 R(9,10)         =      1.505804     0.049734   128.462185   129.967990
	   15 R(9,21)         =      1.097240    -0.021028   101.050866   102.148107
	   16 R(9,22)         =      1.097455    -0.003833    86.204441    87.301896
	   17 R(10,11)        =      1.392803     0.004926    52.667562    54.060365
	   18 R(10,15)        =      1.399171    -0.020239   129.309291   130.708462
	   19 R(11,12)        =      1.350707    -0.096244   111.774211   113.124918
	   20 R(11,23)        =      1.087448     0.011729    97.523338    98.610786
	   21 R(12,13)        =      1.348455    -0.131590   122.849535   124.197990
	   22 R(13,14)        =      1.383159     0.093326    55.157125    56.540283
	   23 R(13,16)        =      1.714296     0.128720   139.346745   141.061040
	   24 R(14,15)        =      1.392648    -0.026115   116.847372   118.240021
	   25 R(14,24)        =      1.084023     0.001640   100.900076   101.984099
	   26 R(15,25)        =      1.087871    -0.007895    42.476414    43.564285
	   27 B(1,2,3)        =    104.050354     0.000309   -81.004084    23.046270
	   28 B(1,2,19)       =    110.795185    -0.000026    -0.672811   110.122374
	   29 B(1,2,20)       =    112.333142    -0.000012    28.779517   141.112659
	   30 B(1,8,4)        =    115.537673    -0.000178     6.236339   121.774012
	   31 B(1,8,9)        =    118.955433    -0.000024    58.785141   177.740574
	   32 B(2,1,8)        =    106.631396    -0.000232    54.910239   161.541635
	   33 B(2,1,17)       =    110.481597     0.000250   -53.956165    56.525432
	   34 B(2,1,18)       =    110.128284     0.000098   -17.256580    92.871703
	   35 B(2,3,4)        =     92.636187    -0.000929    40.252274   132.888461
	   36 B(3,2,19)       =    108.524588    -0.000037    24.594272   133.118860
	   37 B(3,2,20)       =    111.891644    -0.000249     6.227536   118.119180
	   38 B(3,4,5)        =    125.325278    -0.000699    37.745928   163.071207
	   39 B(3,4,8)        =    109.618590     0.000973   -45.708954    63.909636
	   40 B(4,5,6)        =    119.795061    -0.001709    -0.921765   118.873296
	   41 B(4,8,9)        =    122.979620     0.000179   -62.591099    60.388521
	   42 B(5,4,8)        =    125.056000    -0.000275     7.963142   133.019142
	   43 L(5,6,7)        =    178.060255     0.000449     0.214249   178.274503
	   44 l(5,6,7)        =    180.000000    -0.000118     0.000000   180.000000
	   45 B(8,1,17)       =    111.607322    -0.000178    -6.547507   105.059814
	   46 B(8,1,18)       =    110.037036     0.000108    -4.473813   105.563224
	   47 B(8,9,10)       =    111.887822     0.000093   -21.516702    90.371120
	   48 B(8,9,21)       =    111.326992    -0.000550    58.809627   170.136619
	   49 B(8,9,22)       =    109.106131    -0.000141   -30.599315    78.506815
	   50 B(9,10,11)      =    120.887485     0.000018   -24.938496    95.948989
	   51 B(9,10,15)      =    121.841220    -0.000183    34.662329   156.503549
	   52 B(10,9,21)      =    109.324487     0.000437    -9.863778    99.460708
	   53 B(10,9,22)      =    109.922803    -0.000074    58.918312   168.841114
	   54 B(10,11,12)     =    124.331351     0.000054   -25.652638    98.678713
	   55 B(10,11,23)     =    121.422752    -0.000192   -12.013455   109.409297
	   56 B(10,15,14)     =    119.792808    -0.000328    34.874863   154.667671
	   57 B(10,15,25)     =    120.702549     0.000051    -4.556320   116.146229
	   58 B(11,10,15)     =    117.267575     0.000164    -9.720126   107.547449
	   59 B(11,12,13)     =    116.337948     0.000159    36.536955   152.874903
	   60 B(12,11,23)     =    114.245539     0.000138    37.666449   151.911988
	   61 B(12,13,14)     =    124.368615     0.000067    -3.533643   120.834971
	   62 B(12,13,16)     =    114.685031     0.000420    37.251853   151.936884
	   63 B(13,14,15)     =    117.901151    -0.000115   -32.504862    85.396288
	   64 B(13,14,24)     =    121.173841    -0.000002    -1.794227   119.379614
	   65 B(14,13,16)     =    120.946310    -0.000486   -33.718170    87.228140
	   66 B(14,15,25)     =    119.504639     0.000277   -30.318539    89.186100
	   67 B(15,14,24)     =    120.924939     0.000117    34.299158   155.224096
	   68 B(17,1,18)      =    107.966854    -0.000041    41.401692   149.368546
	   69 B(19,2,20)      =    109.121932     0.000020    -0.366084   108.755848
	   70 B(21,9,22)      =    105.047533     0.000241   -13.373814    91.673719
	   71 D(1,2,3,4)      =     26.401412    -0.000010   -23.840287     2.561125
	   72 D(1,8,4,3)      =     -9.417613    -0.000018     9.031026    -0.386587
	   73 D(1,8,4,5)      =    170.708956    -0.000007     8.932860   179.641817
	   74 D(1,8,9,10)     =    -69.434411     0.000062   -91.507913  -160.942324
	   75 D(1,8,9,21)     =    167.902648     0.000009  -144.280879    23.621769
	   76 D(1,8,9,22)     =     52.422519     0.000033   -34.276955    18.145564
	   77 D(2,1,8,4)      =     29.831013     0.000003   145.330139   175.161152
	   78 D(2,1,8,9)      =   -167.649488    -0.000007   145.772907   -21.876581
	   79 D(2,3,4,5)      =    168.839339    -0.000005    10.401968   179.241306
	   80 D(2,3,4,8)      =    -11.033672     0.000006    10.346296    -0.687375
	   81 D(3,2,1,8)      =    -34.681760    -0.000033  -138.701006  -173.382766
	   82 D(3,2,1,17)     =   -156.136791     0.000016   -21.521881  -177.658671
	   83 D(3,2,1,18)     =     84.680299    -0.000023   -80.923716     3.756584
	   84 D(3,4,5,6)      =     -0.005348    -0.000016     0.039770     0.034422
	   85 D(3,4,8,9)      =   -171.158220     0.000002    -8.467076  -179.625296
	   86 D(4,3,2,19)     =    -91.621959    -0.000035    89.852082    -1.769877
	   87 D(4,3,2,20)     =    147.915849     0.000000    31.329199   179.245047
	   88 D(4,8,1,17)     =    150.567911     0.000015    28.285886   178.853798
	   89 D(4,8,1,18)     =    -89.590272    -0.000007    87.717315    -1.872957
	   90 D(4,8,9,10)     =     91.715263     0.000036   -89.306658     2.408605
	   91 D(4,8,9,21)     =    -30.947677    -0.000018  -142.079624  -173.027302
	   92 D(4,8,9,22)     =   -146.427807     0.000006   -32.075700  -178.503507
	   93 D(5,4,8,9)      =      8.968349     0.000013    -8.565242     0.403108
	   94 D(6,5,4,8)      =    179.848526    -0.000029     0.098290   179.946816
	   95 D(8,1,2,19)     =     81.765473    -0.000007   -78.513842     3.251631
	   96 D(8,1,2,20)     =   -155.901938    -0.000008   -22.142048  -178.043986
	   97 D(8,9,10,11)    =    104.251634    -0.000006  -102.340003     1.911631
	   98 D(8,9,10,15)    =    -75.027413     0.000016  -103.002104  -178.029517
	   99 D(9,8,1,17)     =    -46.912589     0.000005    28.728654   -18.183935
	  100 D(9,8,1,18)     =     72.929228    -0.000017    88.160083   161.089311
	  101 D(9,10,11,12)   =   -179.023947     0.000010    -0.943325  -179.967272
	  102 D(9,10,11,23)   =      0.745518     0.000018    -0.725598     0.019920
	  103 D(9,10,15,14)   =    179.167299    -0.000012     0.770494   179.937793
	  104 D(9,10,15,25)   =     -0.807224    -0.000014     0.736763    -0.070461
	  105 D(10,11,12,13)  =     -0.246326     0.000006     0.213322    -0.033004
	  106 D(10,15,14,13)  =     -0.028633    -0.000003     0.030149     0.001517
	  107 D(10,15,14,24)  =   -179.933671    -0.000005    -0.078499  -180.012171
	  108 D(11,10,9,21)   =   -131.953057    -0.000080   -46.927107  -178.880164
	  109 D(11,10,9,22)   =    -17.135230     0.000033    14.423528    -2.711702
	  110 D(11,10,15,14)  =     -0.136649     0.000009     0.135834    -0.000814
	  111 D(11,10,15,25)  =    179.888828     0.000007     0.102102   179.990931
	  112 D(11,12,13,14)  =      0.059145     0.000001    -0.021879     0.037267
	  113 D(11,12,13,16)  =    179.982541    -0.000000     0.017459   180.000000
	  114 D(12,11,10,15)  =      0.287028    -0.000011    -0.278909     0.008119
	  115 D(12,13,14,15)  =      0.072376    -0.000002    -0.081697    -0.009321
	  116 D(12,13,14,24)  =    179.977166    -0.000000     0.020096   179.997262
	  117 D(13,12,11,23)  =    179.969431    -0.000001     0.023224   179.992654
	  118 D(13,14,15,25)  =    179.946197    -0.000001     0.062730   180.008927
	  119 D(15,10,9,21)   =     48.767897    -0.000059   -47.589208     1.178689
	  120 D(15,10,9,22)   =    163.585723     0.000054    13.761427   177.347151
	  121 D(15,10,11,23)  =   -179.943507    -0.000003    -0.061182  -180.004689
	  122 D(15,14,13,16)  =   -179.846467    -0.000001    -0.145435  -179.991903
	  123 D(16,13,14,24)  =      0.058322     0.000000    -0.043642     0.014680
	  124 D(17,1,2,19)    =    -39.689558     0.000042    38.665283    -1.024275
	  125 D(17,1,2,20)    =     82.643031     0.000042    95.037078   177.680109
	  126 D(18,1,2,19)    =   -158.872469     0.000003   -20.736551  -179.609020
	  127 D(18,1,2,20)    =    -36.539879     0.000003    35.635243    -0.904636
	  128 D(24,14,15,25)  =      0.041159    -0.000002    -0.045919    -0.004760
	  129 R(1,11)         =      3.590909     0.032661   234.857476   238.448385
	  130 R(3,7)          =      3.656312     0.059072   303.740020   307.396332
	  131 R(4,15)         =      3.546007     0.025424   242.729304   246.275311
	  132 R(5,10)         =      3.661361    -0.031066    66.904460    70.565821
	  133 R(5,15)         =      3.542830    -0.002048   176.449918   179.992748
	  134 R(10,16)        =      4.448072     0.031349   368.415220   372.863292
