gradient() will perform analytic gradient computation.

*** tstart() called on aki-ubuntu-00
*** at Sun May  2 09:55:58 2021

   => Loading Basis Set <=

    Name: 6-31G*
    Role: ORBITAL
    Keyword: BASIS
    atoms 1-2, 4, 7-10, 12-14 entry C          line   111 file /home/aki-/anaconda3/share/psi4/basis/6-31gs.gbs 
    atoms 3, 5-6, 11          entry N          line   128 file /home/aki-/anaconda3/share/psi4/basis/6-31gs.gbs 
    atoms 15                  entry CL         line   340 file /home/aki-/anaconda3/share/psi4/basis/6-31gs.gbs 
    atoms 16-26               entry H          line    44 file /home/aki-/anaconda3/share/psi4/basis/6-31gs.gbs 


         ---------------------------------------------------------
                                   SCF
               by Justin Turney, Rob Parrish, Andy Simmonett
                          and Daniel G. A. Smith
                              RKS Reference
                        3 Threads,   2861 MiB Core
         ---------------------------------------------------------

  ==> Geometry <==

    Molecular point group: c1
    Full point group: C1

    Geometry (in Angstrom), charge = 0, multiplicity = 1:

       Center              X                  Y                   Z               Mass       
    ------------   -----------------  -----------------  -----------------  -----------------
         C           -3.599680714086    -1.859135731602    -1.034713275746    12.000000000000
         C           -2.985944218009    -0.464244748582    -1.017778750611    12.000000000000
         N           -3.436464669702     0.316080704124    -1.948932124464    14.003074004430
         C           -2.907458315239     1.530924797514    -2.110758512131    12.000000000000
         N           -2.450284482319     2.587509971905    -2.249369897752    14.003074004430
         N           -2.021764410222    -0.196197504180    -0.046872646930    14.003074004430
         C           -2.097895706797     1.027786793159     0.757257270542    12.000000000000
         C           -1.153283839938    -1.249109835079     0.492133677886    12.000000000000
         C            0.282321600049    -0.797575407779     0.589132552299    12.000000000000
         C            1.011823945597    -0.989176896201     1.759479843722    12.000000000000
         N            2.305569601882    -0.633108282146     1.915890607147    14.003074004430
         C            2.903499461999    -0.062774172757     0.849982227702    12.000000000000
         C            2.282336767001     0.166209122248    -0.364398060087    12.000000000000
         C            0.949573127067    -0.214572561057    -0.495361523370    12.000000000000
         CL           4.542905011425     0.373579893307     1.097379476839    34.968852682000
         H           -2.964338694531    -2.525756461078    -1.624620082956     1.007825032230
         H           -4.594613399907    -1.830687386145    -1.489740079770     1.007825032230
         H           -3.696944012817    -2.247952845197    -0.017433067988     1.007825032230
         H           -1.360939947329     1.758617143358     0.410686137950     1.007825032230
         H           -1.902495021893     0.819438621558     1.815191488592     1.007825032230
         H           -3.094841942882     1.478668163425     0.706095031510     1.007825032230
         H           -1.534279344664    -1.562579643823     1.471785286494     1.007825032230
         H           -1.158118986621    -2.137721117716    -0.149976730423     1.007825032230
         H            0.565880601445    -1.448743390011     2.638447166003     1.007825032230
         H            2.813463207263     0.628277331153    -1.188607910141     1.007825032230
         H            0.431068056628    -0.045891931271    -1.437373939691     1.007825032230

  Running in c1 symmetry.

  Rotational constants: A =      0.03867  B =      0.00802  C =      0.00721 [cm^-1]
  Rotational constants: A =   1159.41511  B =    240.46801  C =    216.24114 [MHz]
  Nuclear repulsion = 1009.122904970653167

  Charge       = 0
  Multiplicity = 1
  Electrons    = 116
  Nalpha       = 58
  Nbeta        = 58

  ==> Algorithm <==

  SCF Algorithm Type is DF.
  DIIS enabled.
  MOM disabled.
  Fractional occupation disabled.
  Guess Type is SAD.
  Energy threshold   = 1.00e-08
  Density threshold  = 1.00e-08
  Integral threshold = 0.00e+00

  ==> Primary Basis <==

  Basis Set: 6-31G*
    Blend: 6-31G*
    Number of shells: 114
    Number of basis function: 251
    Number of Cartesian functions: 251
    Spherical Harmonics?: false
    Max angular momentum: 2

  ==> DFT Potential <==

   => Composite Functional: B3LYP <= 

    B3LYP Hyb-GGA Exchange-Correlation Functional

    P. J. Stephens, F. J. Devlin, C. F. Chabalowski, and M. J. Frisch, J. Phys. Chem. 98, 11623 (1994)

    Deriv               =              1
    GGA                 =           TRUE
    Meta                =          FALSE

    Exchange Hybrid     =           TRUE
    MP2 Hybrid          =          FALSE

   => Exchange Functionals <=

    0.0800   Slater exchange
    0.7200         Becke 88

   => Exact (HF) Exchange <=

    0.2000               HF 

   => Correlation Functionals <=

    0.1900   Vosko, Wilk & Nusair (VWN5_RPA)
    0.8100   Lee, Yang & Parr

   => Molecular Quadrature <=

    Radial Scheme          =       TREUTLER
    Pruning Scheme         =           FLAT
    Nuclear Scheme         =       TREUTLER

    BS radius alpha        =              1
    Pruning alpha          =              1
    Radial Points          =             75
    Spherical Points       =            302
    Total Points           =         577567
    Total Blocks           =           4206
    Max Points             =            256
    Max Functions          =            214

   => Loading Basis Set <=

    Name: (6-31G* AUX)
    Role: JKFIT
    Keyword: DF_BASIS_SCF
    atoms 1-2, 4, 7-10, 12-14 entry C          line   121 file /home/aki-/anaconda3/share/psi4/basis/cc-pvdz-jkfit.gbs 
    atoms 3, 5-6, 11          entry N          line   171 file /home/aki-/anaconda3/share/psi4/basis/cc-pvdz-jkfit.gbs 
    atoms 15                  entry CL         line   667 file /home/aki-/anaconda3/share/psi4/basis/cc-pvdz-jkfit.gbs 
    atoms 16-26               entry H          line    51 file /home/aki-/anaconda3/share/psi4/basis/cc-pvdz-jkfit.gbs 

  ==> Pre-Iterations <==

   -------------------------------------------------------
    Irrep   Nso     Nmo     Nalpha   Nbeta   Ndocc  Nsocc
   -------------------------------------------------------
     A        251     251       0       0       0       0
   -------------------------------------------------------
    Total     251     251      58      58      58       0
   -------------------------------------------------------

  ==> Integral Setup <==

  DFHelper Memory: AOs need 0.619 GiB; user supplied 0.619 GiB. Using in-core AOs.

  ==> MemDFJK: Density-Fitted J/K Matrices <==

    J tasked:                   Yes
    K tasked:                   Yes
    wK tasked:                   No
    OpenMP threads:               3
    Memory [MiB]:               633
    Algorithm:                 Core
    Schwarz Cutoff:           1E-12
    Mask sparsity (%):      18.9235
    Fitting Condition:        1E-10

   => Auxiliary Basis Set <=

  Basis Set: (6-31G* AUX)
    Blend: CC-PVDZ-JKFIT
    Number of shells: 471
    Number of basis function: 1539
    Number of Cartesian functions: 1539
    Spherical Harmonics?: false
    Max angular momentum: 3

  Cached 100.0% of DFT collocation blocks in 2.258 [GiB].

  Minimum eigenvalue in the overlap matrix is 7.3636276321E-04.
  Using Symmetric Orthogonalization.

  SCF Guess: Superposition of Atomic Densities via on-the-fly atomic UHF.

  ==> Iterations <==

                           Total Energy        Delta E     RMS |[F,P]|

   @DF-RKS iter SAD: -1065.96376562113096   -1.06596e+03   0.00000e+00 
   @DF-RKS iter   1: -1066.14031421070490   -1.76549e-01   4.74452e-03 DIIS
   @DF-RKS iter   2: -1065.71798133360062    4.22333e-01   5.99211e-03 DIIS
   @DF-RKS iter   3: -1066.72824252912460   -1.01026e+00   1.98152e-03 DIIS
   @DF-RKS iter   4: -1066.84036245326911   -1.12120e-01   4.72472e-04 DIIS
   @DF-RKS iter   5: -1066.84510650566904   -4.74405e-03   2.35658e-04 DIIS
   @DF-RKS iter   6: -1066.84650661110618   -1.40011e-03   6.84368e-05 DIIS
   @DF-RKS iter   7: -1066.84664018971557   -1.33579e-04   2.27909e-05 DIIS
   @DF-RKS iter   8: -1066.84665450027865   -1.43106e-05   7.33780e-06 DIIS
   @DF-RKS iter   9: -1066.84665602058953   -1.52031e-06   2.08539e-06 DIIS
   @DF-RKS iter  10: -1066.84665611975061   -9.91611e-08   1.08867e-06 DIIS
   @DF-RKS iter  11: -1066.84665615788685   -3.81362e-08   2.09428e-07 DIIS
   @DF-RKS iter  12: -1066.84665615918630   -1.29944e-09   8.04072e-08 DIIS
   @DF-RKS iter  13: -1066.84665615938616   -1.99861e-10   1.46104e-08 DIIS
   @DF-RKS iter  14: -1066.84665615939048   -4.32010e-12   6.12684e-09 DIIS
  Energy and wave function converged.


  ==> Post-Iterations <==

    Orbital Energies [Eh]
    ---------------------

    Doubly Occupied:                                                      

       1A   -101.555879     2A    -14.393013     3A    -14.361637  
       4A    -14.356608     5A    -14.312069     6A    -10.309022  
       7A    -10.293829     8A    -10.262557     9A    -10.248848  
      10A    -10.237863    11A    -10.235786    12A    -10.232764  
      13A    -10.229863    14A    -10.225075    15A    -10.212936  
      16A     -9.473402    17A     -7.237228    18A     -7.227809  
      19A     -7.227015    20A     -1.003912    21A     -0.974358  
      22A     -0.941139    23A     -0.878926    24A     -0.872472  
      25A     -0.835490    26A     -0.789118    27A     -0.776364  
      28A     -0.729577    29A     -0.699027    30A     -0.662074  
      31A     -0.637753    32A     -0.617070    33A     -0.565788  
      34A     -0.536236    35A     -0.530286    36A     -0.504610  
      37A     -0.491630    38A     -0.479088    39A     -0.451336  
      40A     -0.447002    41A     -0.443672    42A     -0.434453  
      43A     -0.430962    44A     -0.425976    45A     -0.420175  
      46A     -0.411719    47A     -0.394013    48A     -0.392361  
      49A     -0.366957    50A     -0.348708    51A     -0.343298  
      52A     -0.322461    53A     -0.306906    54A     -0.305483  
      55A     -0.286282    56A     -0.273773    57A     -0.267454  
      58A     -0.248262  

    Virtual:                                                              

      59A     -0.052440    60A     -0.048313    61A     -0.032036  
      62A      0.039378    63A      0.062889    64A      0.073763  
      65A      0.083312    66A      0.100662    67A      0.106241  
      68A      0.109026    69A      0.114975    70A      0.121983  
      71A      0.133447    72A      0.136200    73A      0.146791  
      74A      0.153034    75A      0.166185    76A      0.171398  
      77A      0.183007    78A      0.192304    79A      0.207475  
      80A      0.213753    81A      0.225552    82A      0.253533  
      83A      0.274534    84A      0.282670    85A      0.308224  
      86A      0.335469    87A      0.363059    88A      0.381628  
      89A      0.405420    90A      0.412436    91A      0.439469  
      92A      0.442592    93A      0.444578    94A      0.461778  
      95A      0.471571    96A      0.489859    97A      0.507358  
      98A      0.517848    99A      0.523385   100A      0.534183  
     101A      0.547679   102A      0.552582   103A      0.556563  
     104A      0.560864   105A      0.566951   106A      0.578158  
     107A      0.592242   108A      0.596090   109A      0.604764  
     110A      0.615242   111A      0.626832   112A      0.641688  
     113A      0.654103   114A      0.662601   115A      0.675032  
     116A      0.694187   117A      0.710021   118A      0.729417  
     119A      0.758089   120A      0.761485   121A      0.770341  
     122A      0.787221   123A      0.792865   124A      0.809689  
     125A      0.812559   126A      0.823052   127A      0.827392  
     128A      0.831162   129A      0.842928   130A      0.855295  
     131A      0.864355   132A      0.866667   133A      0.868636  
     134A      0.871585   135A      0.881740   136A      0.893855  
     137A      0.895755   138A      0.914627   139A      0.923830  
     140A      0.939511   141A      0.944086   142A      0.957975  
     143A      0.970052   144A      0.976707   145A      0.980582  
     146A      0.997888   147A      1.038573   148A      1.058218  
     149A      1.076934   150A      1.099615   151A      1.108465  
     152A      1.115487   153A      1.123892   154A      1.149597  
     155A      1.175827   156A      1.228894   157A      1.258975  
     158A      1.275605   159A      1.316577   160A      1.332304  
     161A      1.346414   162A      1.377610   163A      1.391548  
     164A      1.416194   165A      1.430147   166A      1.446453  
     167A      1.454678   168A      1.485934   169A      1.489677  
     170A      1.496688   171A      1.525620   172A      1.539135  
     173A      1.562700   174A      1.571243   175A      1.615925  
     176A      1.648002   177A      1.685085   178A      1.693688  
     179A      1.724777   180A      1.776707   181A      1.786432  
     182A      1.810045   183A      1.819319   184A      1.832334  
     185A      1.841681   186A      1.862063   187A      1.889685  
     188A      1.917903   189A      1.932642   190A      1.947230  
     191A      1.976562   192A      1.995700   193A      2.004484  
     194A      2.014433   195A      2.031763   196A      2.052343  
     197A      2.064332   198A      2.084352   199A      2.118812  
     200A      2.127856   201A      2.138366   202A      2.165207  
     203A      2.172350   204A      2.200220   205A      2.228992  
     206A      2.236544   207A      2.272060   208A      2.278845  
     209A      2.290974   210A      2.313079   211A      2.330436  
     212A      2.344173   213A      2.366824   214A      2.411934  
     215A      2.446526   216A      2.483295   217A      2.520733  
     218A      2.534915   219A      2.580048   220A      2.590588  
     221A      2.630893   222A      2.648776   223A      2.656126  
     224A      2.661730   225A      2.710956   226A      2.769515  
     227A      2.789285   228A      2.815503   229A      2.831817  
     230A      2.880932   231A      2.925894   232A      2.966325  
     233A      3.067486   234A      3.208438   235A      3.333375  
     236A      3.338260   237A      3.928320   238A      4.017830  
     239A      4.032969   240A      4.090314   241A      4.123706  
     242A      4.147149   243A      4.178673   244A      4.268759  
     245A      4.289386   246A      4.308244   247A      4.366314  
     248A      4.414421   249A      4.462722   250A      4.608400  
     251A      4.632804  

    Final Occupation by Irrep:
              A 
    DOCC [    58 ]

  @DF-RKS Final Energy: -1066.84665615939048

   => Energetics <=

    Nuclear Repulsion Energy =           1009.1229049706531669
    One-Electron Energy =               -3458.8325577727559903
    Two-Electron Energy =                1475.1416148834291562
    DFT Exchange-Correlation Energy =     -92.2786182407167530
    Empirical Dispersion Energy =           0.0000000000000000
    VV10 Nonlocal Energy =                  0.0000000000000000
    Total Energy =                      -1066.8466561593904771

Computation Completed


Properties will be evaluated at   0.000000,   0.000000,   0.000000 [a0]

Properties computed using the SCF density matrix

  Nuclear Dipole Moment: [e a0]
     X:   -19.6071      Y:    -7.0175      Z:     0.0657

  Electronic Dipole Moment: [e a0]
     X:    18.9405      Y:     5.1837      Z:     0.6496

  Dipole Moment: [e a0]
     X:    -0.6666      Y:    -1.8338      Z:     0.7153     Total:     2.0782

  Dipole Moment: [D]
     X:    -1.6944      Y:    -4.6610      Z:     1.8182     Total:     5.2822


*** tstop() called on aki-ubuntu-00 at Sun May  2 09:56:18 2021
Module time:
	user time   =      55.17 seconds =       0.92 minutes
	system time =       1.62 seconds =       0.03 minutes
	total time  =         20 seconds =       0.33 minutes
Total time:
	user time   =      55.17 seconds =       0.92 minutes
	system time =       1.62 seconds =       0.03 minutes
	total time  =         20 seconds =       0.33 minutes

*** tstart() called on aki-ubuntu-00
*** at Sun May  2 09:56:18 2021


         ------------------------------------------------------------
                                   SCF GRAD                          
                          Rob Parrish, Justin Turney,                
                       Andy Simmonett, and Alex Sokolov              
         ------------------------------------------------------------

  ==> Geometry <==

    Molecular point group: c1
    Full point group: C1

    Geometry (in Angstrom), charge = 0, multiplicity = 1:

       Center              X                  Y                   Z               Mass       
    ------------   -----------------  -----------------  -----------------  -----------------
         C           -3.599680714086    -1.859135731602    -1.034713275746    12.000000000000
         C           -2.985944218009    -0.464244748582    -1.017778750611    12.000000000000
         N           -3.436464669702     0.316080704124    -1.948932124464    14.003074004430
         C           -2.907458315239     1.530924797514    -2.110758512131    12.000000000000
         N           -2.450284482319     2.587509971905    -2.249369897752    14.003074004430
         N           -2.021764410222    -0.196197504180    -0.046872646930    14.003074004430
         C           -2.097895706797     1.027786793159     0.757257270542    12.000000000000
         C           -1.153283839938    -1.249109835079     0.492133677886    12.000000000000
         C            0.282321600049    -0.797575407779     0.589132552299    12.000000000000
         C            1.011823945597    -0.989176896201     1.759479843722    12.000000000000
         N            2.305569601882    -0.633108282146     1.915890607147    14.003074004430
         C            2.903499461999    -0.062774172757     0.849982227702    12.000000000000
         C            2.282336767001     0.166209122248    -0.364398060087    12.000000000000
         C            0.949573127067    -0.214572561057    -0.495361523370    12.000000000000
         CL           4.542905011425     0.373579893307     1.097379476839    34.968852682000
         H           -2.964338694531    -2.525756461078    -1.624620082956     1.007825032230
         H           -4.594613399907    -1.830687386145    -1.489740079770     1.007825032230
         H           -3.696944012817    -2.247952845197    -0.017433067988     1.007825032230
         H           -1.360939947329     1.758617143358     0.410686137950     1.007825032230
         H           -1.902495021893     0.819438621558     1.815191488592     1.007825032230
         H           -3.094841942882     1.478668163425     0.706095031510     1.007825032230
         H           -1.534279344664    -1.562579643823     1.471785286494     1.007825032230
         H           -1.158118986621    -2.137721117716    -0.149976730423     1.007825032230
         H            0.565880601445    -1.448743390011     2.638447166003     1.007825032230
         H            2.813463207263     0.628277331153    -1.188607910141     1.007825032230
         H            0.431068056628    -0.045891931271    -1.437373939691     1.007825032230

  Nuclear repulsion = 1009.122904970653281

  ==> Basis Set <==

  Basis Set: 6-31G*
    Blend: 6-31G*
    Number of shells: 114
    Number of basis function: 251
    Number of Cartesian functions: 251
    Spherical Harmonics?: false
    Max angular momentum: 2

  ==> DFJKGrad: Density-Fitted SCF Gradients <==

    Gradient:                    1
    J tasked:                  Yes
    K tasked:                  Yes
    wK tasked:                  No
    OpenMP threads:              3
    Integrals threads:           3
    Memory [MiB]:             2145
    Schwarz Cutoff:          0E+00
    Fitting Condition:       1E-10

   => Auxiliary Basis Set <=

  Basis Set: (6-31G* AUX)
    Blend: CC-PVDZ-JKFIT
    Number of shells: 471
    Number of basis function: 1539
    Number of Cartesian functions: 1539
    Spherical Harmonics?: false
    Max angular momentum: 3

  ==> DFT Potential <==

   => Composite Functional: B3LYP <= 

    B3LYP Hyb-GGA Exchange-Correlation Functional

    P. J. Stephens, F. J. Devlin, C. F. Chabalowski, and M. J. Frisch, J. Phys. Chem. 98, 11623 (1994)

    Deriv               =              1
    GGA                 =           TRUE
    Meta                =          FALSE

    Exchange Hybrid     =           TRUE
    MP2 Hybrid          =          FALSE

   => Exchange Functionals <=

    0.0800   Slater exchange
    0.7200         Becke 88

   => Exact (HF) Exchange <=

    0.2000               HF 

   => Correlation Functionals <=

    0.1900   Vosko, Wilk & Nusair (VWN5_RPA)
    0.8100   Lee, Yang & Parr

   => Molecular Quadrature <=

    Radial Scheme          =       TREUTLER
    Pruning Scheme         =           FLAT
    Nuclear Scheme         =       TREUTLER

    BS radius alpha        =              1
    Pruning alpha          =              1
    Radial Points          =             75
    Spherical Points       =            302
    Total Points           =         577567
    Total Blocks           =           4206
    Max Points             =            256
    Max Functions          =            214


  -Total Gradient:
     Atom            X                  Y                   Z
    ------   -----------------  -----------------  -----------------
       1       -0.004801882276    -0.003475663554    -0.003735661575
       2       -0.001151918417     0.023862022851    -0.007250169120
       3        0.000850414471    -0.014409812257    -0.002678757657
       4        0.004413713566     0.018272850268    -0.009524383807
       5       -0.007568751462    -0.022063790427     0.007407255966
       6        0.014151657579     0.001771814752     0.008670974693
       7       -0.004799468955    -0.011505305417     0.005692719771
       8        0.005989528733     0.002748858430     0.001587203082
       9       -0.002516836562    -0.001749572287    -0.000224352472
      10       -0.016081992323    -0.005057752223    -0.004140419091
      11        0.006041009246    -0.003345859623     0.017579022074
      12        0.017489470735     0.015394110658    -0.026912642771
      13        0.006424593872    -0.001333427782     0.010431803089
      14        0.000033137731    -0.000678133215     0.000247643492
      15       -0.018608560654    -0.006435908348     0.000770227278
      16        0.001359657073     0.004713991064     0.000076912925
      17       -0.004063339393    -0.002449978966     0.002034845048
      18       -0.001624677107     0.002954453096     0.000346792859
      19        0.001774349259    -0.003072909682    -0.002523124499
      20       -0.001191318259     0.005565602297     0.001304959670
      21       -0.001695452458     0.001900826119     0.004011007655
      22       -0.003375910182     0.001773573376    -0.003313379973
      23        0.006953540961    -0.003084976356     0.001893689905
      24        0.002611324741     0.000172819282     0.000065194488
      25       -0.000763835267    -0.000030760493    -0.000223400175
      26        0.000177049497    -0.000432623292    -0.001589650984


*** tstop() called on aki-ubuntu-00 at Sun May  2 09:56:27 2021
Module time:
	user time   =      26.41 seconds =       0.44 minutes
	system time =       0.53 seconds =       0.01 minutes
	total time  =          9 seconds =       0.15 minutes
Total time:
	user time   =      81.58 seconds =       1.36 minutes
	system time =       2.15 seconds =       0.04 minutes
	total time  =         29 seconds =       0.48 minutes

			-----------------------------------------
			 OPTKING 2.0: for geometry optimizations 
			  - R.A. King,  Bethel University        
			-----------------------------------------

	Internal coordinates to be generated automatically.
	Detected frag 1 with atoms:  1 2 3 4 5 6 7 8 9 10 11 12 13 14 15 16 17 18 19 20
	 21 22 23 24 25 26
	---Fragment 1 Bond Connectivity---
	 1 : 2 16 17 18
	 2 : 1 3 6
	 3 : 2 4
	 4 : 3 5
	 5 : 4
	 6 : 2 7 8
	 7 : 6 19 20 21
	 8 : 6 9 22 23
	 9 : 8 10 14
	 10 : 9 11 24
	 11 : 10 12
	 12 : 11 13 15
	 13 : 12 14 25
	 14 : 9 13 26
	 15 : 12
	 16 : 1
	 17 : 1
	 18 : 1
	 19 : 7
	 20 : 7
	 21 : 7
	 22 : 8
	 23 : 8
	 24 : 10
	 25 : 13
	 26 : 14

	---Fragment 1 Geometry and Gradient---
	 C          -6.8024106887       -3.5132573628       -1.9553247095
	 C          -5.6426167979       -0.8772954300       -1.9233230950
	 N          -6.4939770655        0.5973059643       -3.6829479523
	 C          -5.4942999370        2.8930285860       -3.9887555049
	 N          -4.6303666010        4.8896851938       -4.2506930616
	 N          -3.8205810255       -0.3707595494       -0.0885764655
	 C          -3.9644483256        1.9422355544        1.4310088478
	 C          -2.1793906024       -2.3604754889        0.9299978683
	 C           0.5335105034       -1.5071990851        1.1132991754
	 C           1.9120701444       -1.8692734235        3.3249350279
	 N           4.3568951107       -1.1964012610        3.6205085338
	 C           5.4868187886       -0.1186259943        1.6062336219
	 C           4.3129914157        0.3140897206       -0.6886125342
	 C           1.7944331463       -0.4054833744       -0.9360976123
	 CL          8.5848462856        0.7059636843        2.0737466669
	 H          -5.6017882758       -4.7729879710       -3.0700870147
	 H          -8.6825609782       -3.4594977811       -2.8152007489
	 H          -6.9862116854       -4.2480152204       -0.0329437240
	 H          -2.5718037736        3.3233047605        0.7760843242
	 H          -3.5951945464        1.5485145714        3.4302147787
	 H          -5.8484036736        2.7942778593        1.3343262281
	 H          -2.8993677614       -2.9528475760        2.7812711070
	 H          -2.1885277054       -4.0397074451       -0.2834149457
	 H           1.0693593564       -2.7377282332        4.9859425402
	 H           5.3166749258        1.1872720867       -2.2461434207
	 H           0.8146005685       -0.0867231815       -2.7162430859
	            -0.0048018823       -0.0034756636       -0.0037356616
	            -0.0011519184        0.0238620229       -0.0072501691
	             0.0008504145       -0.0144098123       -0.0026787577
	             0.0044137136        0.0182728503       -0.0095243838
	            -0.0075687515       -0.0220637904        0.0074072560
	             0.0141516576        0.0017718148        0.0086709747
	            -0.0047994690       -0.0115053054        0.0056927198
	             0.0059895287        0.0027488584        0.0015872031
	            -0.0025168366       -0.0017495723       -0.0002243525
	            -0.0160819923       -0.0050577522       -0.0041404191
	             0.0060410092       -0.0033458596        0.0175790221
	             0.0174894707        0.0153941107       -0.0269126428
	             0.0064245939       -0.0013334278        0.0104318031
	             0.0000331377       -0.0006781332        0.0002476435
	            -0.0186085607       -0.0064359083        0.0007702273
	             0.0013596571        0.0047139911        0.0000769129
	            -0.0040633394       -0.0024499790        0.0020348450
	            -0.0016246771        0.0029544531        0.0003467929
	             0.0017743493       -0.0030729097       -0.0025231245
	            -0.0011913183        0.0055656023        0.0013049597
	            -0.0016954525        0.0019008261        0.0040110077
	            -0.0033759102        0.0017735734       -0.0033133800
	             0.0069535410       -0.0030849764        0.0018936899
	             0.0026113247        0.0001728193        0.0000651945
	            -0.0007638353       -0.0000307605       -0.0002234002
	             0.0001770495       -0.0004326233       -0.0015896510

	Previous optimization step data not found.  Starting new optimization.

	---Fragment 1 Intrafragment Coordinates---
	 - Coordinate -           - BOHR/RAD -       - ANG/DEG -
	 R(1,2)           =         2.880007	       1.524034
	 R(1,16)          =         2.066666	       1.093633
	 R(1,17)          =         2.068149	       1.094418
	 R(1,18)          =         2.066204	       1.093388
	 R(2,3)           =         2.448580	       1.295733
	 R(2,6)           =         2.634898	       1.394328
	 R(3,4)           =         2.522541	       1.334871
	 R(4,5)           =         2.191262	       1.159566
	 R(6,7)           =         2.771242	       1.466478
	 R(6,8)           =         2.773079	       1.467450
	 R(7,19)          =         2.067786	       1.094225
	 R(7,20)          =         2.070794	       1.095817
	 R(7,21)          =         2.069930	       1.095360
	 R(8,9)           =         2.849827	       1.508063
	 R(8,22)          =         2.072796	       1.096877
	 R(8,23)          =         2.071780	       1.096339
	 R(9,10)          =         2.631132	       1.392335
	 R(9,14)          =         2.646456	       1.400444
	 R(10,11)         =         2.552898	       1.350936
	 R(10,24)         =         2.055072	       1.087497
	 R(11,12)         =         2.548653	       1.348689
	 R(12,13)         =         2.613701	       1.383111
	 R(12,15)         =         3.239798	       1.714427
	 R(13,14)         =         2.631002	       1.392266
	 R(13,25)         =         2.048348	       1.083939
	 R(14,26)         =         2.056842	       1.088434
	 B(1,2,3)         =         1.985798	     113.777870
	 B(1,2,6)         =         2.051225	     117.526552
	 B(2,1,16)        =         1.907035	     109.265072
	 B(2,1,17)        =         1.925089	     110.299470
	 B(2,1,18)        =         1.929391	     110.545981
	 B(2,3,4)         =         2.091402	     119.828500
	 B(2,6,7)         =         2.101775	     120.422828
	 B(2,6,8)         =         2.125959	     121.808489
	 B(3,2,6)         =         2.246005	     128.686591
	 L(3,4,5)         =         3.138724	     179.835624
	 l(3,4,5)         =         3.141593	     180.000000
	 B(6,7,19)        =         1.927105	     110.414958
	 B(6,7,20)        =         1.940604	     111.188442
	 B(6,7,21)        =         1.944645	     111.419923
	 B(6,8,9)         =         1.952160	     111.850542
	 B(6,8,22)        =         1.904492	     109.119349
	 B(6,8,23)        =         1.943167	     111.335248
	 B(7,6,8)         =         2.013274	     115.352086
	 B(8,9,10)        =         2.107877	     120.772479
	 B(8,9,14)        =         2.127512	     121.897479
	 B(9,8,22)        =         1.937755	     111.025188
	 B(9,8,23)        =         1.859336	     106.532081
	 B(9,10,11)       =         2.168579	     124.250413
	 B(9,10,24)       =         2.120797	     121.512740
	 B(9,14,13)       =         2.091059	     119.808832
	 B(9,14,26)       =         2.103380	     120.514780
	 B(10,9,14)       =         2.047192	     117.295439
	 B(10,11,12)      =         2.031444	     116.393190
	 B(11,10,24)      =         1.993808	     114.236805
	 B(11,12,13)      =         2.171009	     124.389637
	 B(11,12,15)      =         2.001517	     114.678453
	 B(12,13,14)      =         2.056942	     117.854115
	 B(12,13,25)      =         2.115467	     121.207320
	 B(13,12,15)      =         2.110655	     120.931627
	 B(13,14,26)      =         2.088681	     119.672606
	 B(14,13,25)      =         2.110775	     120.938514
	 B(16,1,17)       =         1.896224	     108.645660
	 B(16,1,18)       =         1.914285	     109.680439
	 B(17,1,18)       =         1.891468	     108.373133
	 B(19,7,20)       =         1.888800	     108.220291
	 B(19,7,21)       =         1.899974	     108.860510
	 B(20,7,21)       =         1.860482	     106.597747
	 B(22,8,23)       =         1.864945	     106.853498
	 D(1,2,3,4)       =        -3.051492	    -174.837613
	 D(1,2,6,7)       =        -2.309825	    -132.343200
	 D(1,2,6,8)       =         0.509507	      29.192607
	 D(2,6,7,19)      =        -1.816970	    -104.104722
	 D(2,6,7,20)      =         2.369401	     135.756664
	 D(2,6,7,21)      =         0.296623	      16.995249
	 D(2,6,8,9)       =         2.368303	     135.693766
	 D(2,6,8,22)      =        -1.763965	    -101.067759
	 D(2,6,8,23)      =         0.290275	      16.631531
	 D(3,2,1,16)      =         1.626875	      93.213069
	 D(3,2,1,17)      =        -0.456461	     -26.153262
	 D(3,2,1,18)      =        -2.548024	    -145.991008
	 D(3,2,6,7)       =         0.852132	      48.823548
	 D(3,2,6,8)       =        -2.611722	    -149.640645
	 D(4,3,2,6)       =         0.070367	       4.031750
	 D(6,2,1,16)      =        -1.497348	     -85.791735
	 D(6,2,1,17)      =         2.702502	     154.841933
	 D(6,2,1,18)      =         0.610938	      35.004188
	 D(6,8,9,10)      =         2.292968	     131.377399
	 D(6,8,9,14)      =        -0.886984	     -50.820439
	 D(7,6,8,9)       =        -1.080299	     -61.896572
	 D(7,6,8,22)      =         1.070618	      61.341904
	 D(7,6,8,23)      =         3.124858	     179.041193
	 D(8,6,7,19)      =         1.627040	      93.222549
	 D(8,6,7,20)      =        -0.469774	     -26.916065
	 D(8,6,7,21)      =        -2.542552	    -145.677481
	 D(8,9,10,11)     =         3.121673	     178.858669
	 D(8,9,10,24)     =        -0.021300	      -1.220378
	 D(8,9,14,13)     =        -3.122957	    -178.932243
	 D(8,9,14,26)     =         0.031023	       1.777508
	 D(9,10,11,12)    =        -0.005164	      -0.295887
	 D(9,14,13,12)    =         0.009611	       0.550650
	 D(9,14,13,25)    =        -3.130560	    -179.367869
	 D(10,9,8,22)     =         0.160987	       9.223901
	 D(10,9,8,23)     =        -1.863279	    -106.758046
	 D(10,9,14,13)    =        -0.018452	      -1.057216
	 D(10,9,14,26)    =         3.135528	     179.652535
	 D(10,11,12,13)   =        -0.004914	      -0.281529
	 D(10,11,12,15)   =         3.140034	     179.910711
	 D(11,10,9,14)    =         0.016727	       0.958376
	 D(11,12,13,14)   =         0.002557	       0.146527
	 D(11,12,13,25)   =        -3.140461	    -179.935185
	 D(12,11,10,24)   =         3.137718	     179.778016
	 D(12,13,14,26)   =         3.138921	     179.846919
	 D(14,9,8,22)     =        -3.018965	    -172.973937
	 D(14,9,8,23)     =         1.239954	      71.044116
	 D(14,9,10,24)    =        -3.126245	    -179.120670
	 D(14,13,12,15)   =         3.140596	     179.942884
	 D(15,12,13,25)   =        -0.002423	      -0.138829
	 D(25,13,14,26)   =        -0.001250	      -0.071599
	 R(4,7)           =         5.711243	       3.022260
	 R(5,7)           =         6.435266	       3.405396
	 R(7,14)          =         6.654299	       3.521303
	 R(9,15)          =         8.405032	       4.447751

	Current energy   :     -1066.8466561594

	Generating empirical Hessian (Schlegel '84) for each fragment.
	Taking RFO optimization step.
	Going to follow RFO solution 1.
	Using RFO vector 1.
	Norm of target step-size    0.47116
	Projected energy change by RFO approximation:        -0.0141073417

	Back-transformation to cartesian coordinates...
	Could not converge backtransformation.
	Using first guess instead.

	--- Internal Coordinate Step in ANG or DEG, aJ/ANG or AJ/DEG ---
	 ---------------------------------------------------------------------------
	   Coordinate                Previous        Force       Change         New 
	   ----------                --------       ------       ------       ------
	    1 R(1,2)          =      1.524034    -0.017280    29.707672    31.231706
	    2 R(1,16)         =      1.093633     0.017519    61.264540    62.358173
	    3 R(1,17)         =      1.094418    -0.022948    47.451840    48.546258
	    4 R(1,18)         =      1.093388     0.004801    58.431234    59.524622
	    5 R(2,3)          =      1.295733     0.087647    71.569300    72.865032
	    6 R(2,6)          =      1.394328    -0.101295    60.068132    61.462460
	    7 R(3,4)          =      1.334871     0.036964    27.948492    29.283363
	    8 R(4,5)          =      1.159566     0.188821    24.257312    25.416878
	    9 R(6,7)          =      1.466478     0.028574    67.495082    68.961561
	   10 R(6,8)          =      1.467450    -0.020058    81.822058    83.289509
	   11 R(7,19)         =      1.094225     0.000479    19.553406    20.647631
	   12 R(7,20)         =      1.095817     0.000094    61.354138    62.449956
	   13 R(7,21)         =      1.095360    -0.017622    57.368855    58.464214
	   14 R(8,9)          =      1.508063     0.053569    38.805132    40.313195
	   15 R(8,22)         =      1.096877     0.018891    55.234741    56.331617
	   16 R(8,23)         =      1.096339    -0.011209    49.513958    50.610297
	   17 R(9,10)         =      1.392335     0.018237    74.735084    76.127419
	   18 R(9,14)         =      1.400444    -0.026742    61.254658    62.655103
	   19 R(10,11)        =      1.350936    -0.099673    37.622701    38.973637
	   20 R(10,24)        =      1.087497     0.008987    49.525070    50.612567
	   21 R(11,12)        =      1.348689    -0.141279    60.089894    61.438583
	   22 R(12,13)        =      1.383111     0.089078    75.696826    77.079937
	   23 R(12,15)        =      1.714427     0.122419    48.922688    50.637115
	   24 R(13,14)        =      1.392266    -0.031570    37.881658    39.273924
	   25 R(13,25)        =      1.083939     0.001796    46.562932    47.646872
	   26 R(14,26)        =      1.088434    -0.010093    59.199801    60.288234
	   27 B(1,2,3)        =    113.777870     0.000844    19.824786   133.602657
	   28 B(1,2,6)        =    117.526552     0.000101   -55.593037    61.933516
	   29 B(2,1,16)       =    109.265072     0.000461    37.295666   146.560739
	   30 B(2,1,17)       =    110.299470    -0.000454   -79.410416    30.889054
	   31 B(2,1,18)       =    110.545981     0.000243    -8.488099   102.057883
	   32 B(2,3,4)        =    119.828500     0.000781    33.764954   153.593454
	   33 B(2,6,7)        =    120.422828     0.000465   -16.948152   103.474675
	   34 B(2,6,8)        =    121.808489    -0.000554    17.315985   139.124474
	   35 B(3,2,6)        =    128.686591    -0.000945    35.776823   164.463415
	   36 L(3,4,5)        =    179.835624     0.000111     0.033911   179.869535
	   37 l(3,4,5)        =    180.000000    -0.000489     0.000000   180.000000
	   38 B(6,7,19)       =    110.414958     0.000647   -62.565836    47.849122
	   39 B(6,7,20)       =    111.188442    -0.000656     4.592352   115.780794
	   40 B(6,7,21)       =    111.419923    -0.000363    25.143822   136.563745
	   41 B(6,8,9)        =    111.850542     0.000119    52.637021   164.487562
	   42 B(6,8,22)       =    109.119349     0.000343    -0.327373   108.791976
	   43 B(6,8,23)       =    111.335248    -0.000592     1.409598   112.744845
	   44 B(7,6,8)        =    115.352086     0.000097     2.046770   117.398855
	   45 B(8,9,10)       =    120.772479     0.000015     4.829160   125.601639
	   46 B(8,9,14)       =    121.897479    -0.000049   -34.864660    87.032818
	   47 B(9,8,22)       =    111.025188    -0.000365   -24.412060    86.613128
	   48 B(9,8,23)       =    106.532081     0.000451   -54.604488    51.927593
	   49 B(9,10,11)      =    124.250413     0.000103     6.831609   131.082022
	   50 B(9,10,24)      =    121.512740    -0.000232    29.604836   151.117576
	   51 B(9,14,13)      =    119.808832    -0.000247   -35.959972    83.848861
	   52 B(9,14,26)      =    120.514780     0.000077    28.698658   149.213438
	   53 B(10,9,14)      =    117.295439     0.000034    30.069973   147.365412
	   54 B(10,11,12)     =    116.393190     0.000160   -36.933387    79.459803
	   55 B(11,10,24)     =    114.236805     0.000129   -36.436414    77.800392
	   56 B(11,12,13)     =    124.389637     0.000058    27.897433   152.287070
	   57 B(11,12,15)     =    114.678453     0.000430   -38.193769    76.484685
	   58 B(12,13,14)     =    117.854115    -0.000107     8.102705   125.956819
	   59 B(12,13,25)     =    121.207320    -0.000005    28.736083   149.943403
	   60 B(13,12,15)     =    120.931627    -0.000488    10.296611   131.228239
	   61 B(13,14,26)     =    119.672606     0.000170     7.265083   126.937689
	   62 B(14,13,25)     =    120.938514     0.000113   -36.838739    84.099775
	   63 B(16,1,17)      =    108.645660    -0.000130     7.283422   115.929082
	   64 B(16,1,18)      =    109.680439    -0.000319     1.618488   111.298927
	   65 B(17,1,18)      =    108.373133     0.000185    24.382630   132.755764
	   66 B(19,7,20)      =    108.220291     0.000070    55.053224   163.273516
	   67 B(19,7,21)      =    108.860510    -0.000121   -19.993170    88.867340
	   68 B(20,7,21)      =    106.597747     0.000429     1.041597   107.639344
	   69 B(22,8,23)      =    106.853498     0.000024    31.591542   138.445040
	   70 D(1,2,3,4)      =   -174.837613     0.000036    -3.486445  -178.324058
	   71 D(1,2,6,7)      =   -132.343200    -0.000081   -44.931474  -177.274674
	   72 D(1,2,6,8)      =     29.192607    -0.000069   -27.031988     2.160619
	   73 D(2,6,7,19)     =   -104.104722    -0.000013    98.858487    -5.246235
	   74 D(2,6,7,20)     =    135.756664    -0.000033    43.172280   178.928945
	   75 D(2,6,7,21)     =     16.995249    -0.000003   -16.380256     0.614993
	   76 D(2,6,8,9)      =    135.693766     0.000010  -126.899597     8.794168
	   77 D(2,6,8,22)     =   -101.067759    -0.000022   -77.106261  -178.174019
	   78 D(2,6,8,23)     =     16.631531    -0.000047   -16.062157     0.569374
	   79 D(3,2,1,16)     =     93.213069    -0.000014   -87.195471     6.017598
	   80 D(3,2,1,17)     =    -26.153262     0.000020    22.470676    -3.682586
	   81 D(3,2,1,18)     =   -145.991008    -0.000001   -32.033354  -178.024362
	   82 D(3,2,6,7)      =     48.823548    -0.000081   -45.717552     3.105995
	   83 D(3,2,6,8)      =   -149.640645    -0.000069   -27.818066  -177.458711
	   84 D(4,3,2,6)      =      4.031750     0.000035    -2.819675     1.212075
	   85 D(6,2,1,16)     =    -85.791735    -0.000009   -88.049861  -173.841597
	   86 D(6,2,1,17)     =    154.841933     0.000025    21.616286   176.458219
	   87 D(6,2,1,18)     =     35.004188     0.000003   -32.887743     2.116444
	   88 D(6,8,9,10)     =    131.377399     0.000048    42.432180   173.809579
	   89 D(6,8,9,14)     =    -50.820439     0.000051    44.529999    -6.290440
	   90 D(7,6,8,9)      =    -61.896572     0.000038  -109.927809  -171.824381
	   91 D(7,6,8,22)     =     61.341904     0.000006   -60.134472     1.207431
	   92 D(7,6,8,23)     =    179.041193    -0.000019     0.909631   179.950824
	   93 D(8,6,7,19)     =     93.222549     0.000004    81.947460   175.170009
	   94 D(8,6,7,20)     =    -26.916065    -0.000016    26.261254    -0.654812
	   95 D(8,6,7,21)     =   -145.677481     0.000014   -33.291283  -178.968763
	   96 D(8,9,10,11)    =    178.858669    -0.000010     0.986750   179.845419
	   97 D(8,9,10,24)    =     -1.220378    -0.000006     1.121971    -0.098407
	   98 D(8,9,14,13)    =   -178.932243     0.000008    -0.963966  -179.896209
	   99 D(8,9,14,26)    =      1.777508     0.000009    -1.626015     0.151493
	  100 D(9,10,11,12)   =     -0.295887     0.000007     0.303212     0.007324
	  101 D(9,14,13,12)   =      0.550650    -0.000003    -0.529209     0.021440
	  102 D(9,14,13,25)   =   -179.367869    -0.000002    -0.597186  -179.965054
	  103 D(10,9,8,22)    =      9.223901    -0.000013    -8.807684     0.416217
	  104 D(10,9,8,23)    =   -106.758046    -0.000035   -69.784628  -176.542675
	  105 D(10,9,14,13)   =     -1.057216     0.000011     1.010207    -0.047009
	  106 D(10,9,14,26)   =    179.652535     0.000012     0.347465   180.000000
	  107 D(10,11,12,13)  =     -0.281529     0.000002     0.252983    -0.028545
	  108 D(10,11,12,15)  =    179.910711    -0.000005     0.026538   179.937249
	  109 D(11,10,9,14)   =      0.958376    -0.000013    -0.927740     0.030636
	  110 D(11,12,13,14)  =      0.146527    -0.000004    -0.139502     0.007025
	  111 D(11,12,13,25)  =   -179.935185    -0.000004    -0.084611  -180.019796
	  112 D(12,11,10,24)  =    179.778016     0.000003     0.201549   179.979565
	  113 D(12,13,14,26)  =    179.846919    -0.000004     0.143974   179.990893
	  114 D(14,9,8,22)    =   -172.973937    -0.000010    -6.709864  -179.683801
	  115 D(14,9,8,23)    =     71.044116    -0.000032   -67.686809     3.357307
	  116 D(14,9,10,24)   =   -179.120670    -0.000008    -0.792519  -179.913190
	  117 D(14,13,12,15)  =    179.942884     0.000003     0.108364   180.051247
	  118 D(15,12,13,25)  =     -0.138829     0.000002     0.163254     0.024425
	  119 D(25,13,14,26)  =     -0.071599    -0.000004     0.075998     0.004399
	  120 R(4,7)          =      3.022260    -0.056459   168.815301   171.837561
	  121 R(5,7)          =      3.405396     0.018040   185.377800   188.783196
	  122 R(7,14)         =      3.521303    -0.002862   184.212677   187.733980
	  123 R(9,15)         =      4.447751     0.036790   123.882938   128.330690
